<?xml version="1.0" encoding="UTF-8"?>
<testsuite name="hashset.mainTest" tests="1" skipped="0" failures="0" errors="0" timestamp="2020-12-28T05:37:14" hostname="DESKTOP-5D6E479" time="0.006">
  <properties/>
  <testcase name="main" classname="hashset.mainTest" time="0.006"/>
  <system-out><![CDATA[[1, 1, 2, 3, 4]
]]></system-out>
  <system-err><![CDATA[]]></system-err>
</testsuite>
